<?xml version="1.0" encoding="UTF-8"?><testsuite errors="1" failures="0" name="Hotel Reservation" skipped="0" tests="1" time="23.56" timestamp="2023-03-02 08:50:51"><testcase name="Reserve a hotel for 1 adult"><error type="java.lang.NullPointerException"/><system-err>null&#13;
com.co.booking.inteactions.SelectDay.performAs(SelectDay.java:42)&#13;
com.co.booking.tasks.SerachHotel.performAs(SerachHotel.java:21)&#13;
com.co.booking.stepsdetinition.HotelReservationStepsDefinition.theUserSearchesForHotelsWithTheFollowingInformation(HotelReservationStepsDefinition.java:33)&#13;
cucumber.runner.Runner.runPickle(Runner.java:80)&#13;
worker.org.gradle.process.internal.worker.GradleWorkerMain.run(GradleWorkerMain.java:69)&#13;
worker.org.gradle.process.internal.worker.GradleWorkerMain.main(GradleWorkerMain.java:74)&#13;
</system-err></testcase></testsuite>