<?xml version="1.0" encoding="UTF-8"?><testsuite errors="1" failures="0" name="Hotel Reservation" skipped="0" tests="1" time="530.59" timestamp="2023-03-02 11:42:35"><testcase name="Reserve a hotel for 1 adult"><error message="Arity mismatch: Step Definition 'com.co.booking.stepsdetinition.HotelReservationStepsDefinition.theUserCompletesTheReservationFormWithTheFollowingDetails() in file:/C:/Users/jaime/OneDrive/Escritorio/reto/appmobile/bookink_app/build/classes/java/test/' with pattern [^the user completes the reservation form with the following details:$] is declared with 0 parameters. However, the gherkin step has 1 arguments [Table:[[First Name, Last Name, Email, Country, Mobile Phone, Purpose], [Jaime, Velasquez, jimmy9625@gmail.com, Colombia, 3225225155, Business]]]. &#10;Step text: the user completes the reservation form with the following details:" type="cucumber.runtime.CucumberException">Arity mismatch: Step Definition 'com.co.booking.stepsdetinition.HotelReservationStepsDefinition.theUserCompletesTheReservationFormWithTheFollowingDetails() in file:/C:/Users/jaime/OneDrive/Escritorio/reto/appmobile/bookink_app/build/classes/java/test/' with pattern [^the user completes the reservation form with the following details:$] is declared with 0 parameters. However, the gherkin step has 1 arguments [Table:[[First Name, Last Name, Email, Country, Mobile Phone, Purpose], [Jaime, Velasquez, jimmy9625@gmail.com, Colombia, 3225225155, Business]]]. 
Step text: the user completes the reservation form with the following details:</error><system-err>Arity mismatch: Step Definition 'com.co.booking.stepsdetinition.HotelReservationStepsDefinition.theUserCompletesTheReservationFormWithTheFollowingDetails() in file:/C:/Users/jaime/OneDrive/Escritorio/reto/appmobile/bookink_app/build/classes/java/test/' with pattern [^the user completes the reservation form with the following details:$] is declared with 0 parameters. However, the gherkin step has 1 arguments [Table:[[First Name, Last Name, Email, Country, Mobile Phone, Purpose], [Jaime, Velasquez, jimmy9625@gmail.com, Colombia, 3225225155, Business]]]. 
Step text: the user completes the reservation form with the following details:&#13;
cucumber.runner.Runner.runPickle(Runner.java:80)&#13;
worker.org.gradle.process.internal.worker.GradleWorkerMain.run(GradleWorkerMain.java:69)&#13;
worker.org.gradle.process.internal.worker.GradleWorkerMain.main(GradleWorkerMain.java:74)&#13;
</system-err></testcase></testsuite>